Gramática

    0 $accept: ArithmeticExpression $end

    1 ArithmeticExpression: E

    2 E: E '+' E
    3  | E '-' E
    4  | E '*' E
    5  | E '/' E
    6  | E '%' E
    7  | '(' E ')'
    8  | NUMBER


Terminales con las reglas donde aparecen

$end (0) 0
'%' (37) 6
'(' (40) 7
')' (41) 7
'*' (42) 4
'+' (43) 2
'-' (45) 3
'/' (47) 5
error (256)
NUMBER (258) 8


No terminales con las reglas donde aparecen

$accept (11)
    en la izquierda: 0
ArithmeticExpression (12)
    en la izquierda: 1, en la derecha: 0
E (13)
    en la izquierda: 2 3 4 5 6 7 8, en la derecha: 1 2 3 4 5 6 7


estado 0

    0 $accept: . ArithmeticExpression $end

    NUMBER  desplazar e ir al estado 1
    '('     desplazar e ir al estado 2

    ArithmeticExpression  ir al estado 3
    E                     ir al estado 4


estado 1

    8 E: NUMBER .

    $default  reduce usando la regla 8 (E)


estado 2

    7 E: '(' . E ')'

    NUMBER  desplazar e ir al estado 1
    '('     desplazar e ir al estado 2

    E  ir al estado 5


estado 3

    0 $accept: ArithmeticExpression . $end

    $end  desplazar e ir al estado 6


estado 4

    1 ArithmeticExpression: E .
    2 E: E . '+' E
    3  | E . '-' E
    4  | E . '*' E
    5  | E . '/' E
    6  | E . '%' E

    '+'  desplazar e ir al estado 7
    '-'  desplazar e ir al estado 8
    '*'  desplazar e ir al estado 9
    '/'  desplazar e ir al estado 10
    '%'  desplazar e ir al estado 11

    $default  reduce usando la regla 1 (ArithmeticExpression)


estado 5

    2 E: E . '+' E
    3  | E . '-' E
    4  | E . '*' E
    5  | E . '/' E
    6  | E . '%' E
    7  | '(' E . ')'

    '+'  desplazar e ir al estado 7
    '-'  desplazar e ir al estado 8
    '*'  desplazar e ir al estado 9
    '/'  desplazar e ir al estado 10
    '%'  desplazar e ir al estado 11
    ')'  desplazar e ir al estado 12


estado 6

    0 $accept: ArithmeticExpression $end .

    $default  aceptar


estado 7

    2 E: E '+' . E

    NUMBER  desplazar e ir al estado 1
    '('     desplazar e ir al estado 2

    E  ir al estado 13


estado 8

    3 E: E '-' . E

    NUMBER  desplazar e ir al estado 1
    '('     desplazar e ir al estado 2

    E  ir al estado 14


estado 9

    4 E: E '*' . E

    NUMBER  desplazar e ir al estado 1
    '('     desplazar e ir al estado 2

    E  ir al estado 15


estado 10

    5 E: E '/' . E

    NUMBER  desplazar e ir al estado 1
    '('     desplazar e ir al estado 2

    E  ir al estado 16


estado 11

    6 E: E '%' . E

    NUMBER  desplazar e ir al estado 1
    '('     desplazar e ir al estado 2

    E  ir al estado 17


estado 12

    7 E: '(' E ')' .

    $default  reduce usando la regla 7 (E)


estado 13

    2 E: E . '+' E
    2  | E '+' E .
    3  | E . '-' E
    4  | E . '*' E
    5  | E . '/' E
    6  | E . '%' E

    '*'  desplazar e ir al estado 9
    '/'  desplazar e ir al estado 10
    '%'  desplazar e ir al estado 11

    $default  reduce usando la regla 2 (E)


estado 14

    2 E: E . '+' E
    3  | E . '-' E
    3  | E '-' E .
    4  | E . '*' E
    5  | E . '/' E
    6  | E . '%' E

    '*'  desplazar e ir al estado 9
    '/'  desplazar e ir al estado 10
    '%'  desplazar e ir al estado 11

    $default  reduce usando la regla 3 (E)


estado 15

    2 E: E . '+' E
    3  | E . '-' E
    4  | E . '*' E
    4  | E '*' E .
    5  | E . '/' E
    6  | E . '%' E

    $default  reduce usando la regla 4 (E)


estado 16

    2 E: E . '+' E
    3  | E . '-' E
    4  | E . '*' E
    5  | E . '/' E
    5  | E '/' E .
    6  | E . '%' E

    $default  reduce usando la regla 5 (E)


estado 17

    2 E: E . '+' E
    3  | E . '-' E
    4  | E . '*' E
    5  | E . '/' E
    6  | E . '%' E
    6  | E '%' E .

    $default  reduce usando la regla 6 (E)
